0 verbose cli /opt/homebrew/Cellar/node/25.8.0/bin/node /opt/homebrew/bin/npm
1 info using npm@11.11.0
2 info using node@v25.8.0
3 silly config load:file:/opt/homebrew/lib/node_modules/npm/npmrc
4 silly config load:file:/Users/dakshbathla/TripLens/frontend/.npmrc
5 silly config load:file:/Users/dakshbathla/.npmrc
6 silly config load:file:/opt/homebrew/etc/npmrc
7 verbose title npm install
8 verbose argv "install" "--cache" "../.npm-cache" "--no-audit" "--no-fund"
9 verbose logfile logs-max:10 dir:/Users/dakshbathla/TripLens/.npm-cache/_logs/2026-05-05T14_46_26_729Z-
10 verbose logfile /Users/dakshbathla/TripLens/.npm-cache/_logs/2026-05-05T14_46_26_729Z-debug-0.log
11 silly logfile done cleaning log files
12 silly packumentCache heap:4496293888 maxSize:1124073472 maxEntrySize:562036736
13 http fetch GET https://registry.npmjs.org/npm attempt 1 failed with ENOTFOUND
14 silly idealTree buildDeps
15 silly fetch manifest clsx@^2.1.1
16 silly packumentCache full:https://registry.npmjs.org/clsx cache-miss
17 http fetch GET https://registry.npmjs.org/clsx attempt 1 failed with ENOTFOUND
18 http fetch GET https://registry.npmjs.org/npm attempt 2 failed with ENOTFOUND
19 http fetch GET https://registry.npmjs.org/clsx attempt 2 failed with ENOTFOUND
20 http fetch GET https://registry.npmjs.org/npm attempt 3 failed with ENOTFOUND
21 http fetch GET https://registry.npmjs.org/clsx attempt 3 failed with ENOTFOUND
22 silly fetch manifest framer-motion@^11.2.10
23 silly packumentCache full:https://registry.npmjs.org/framer-motion cache-miss
24 http fetch GET https://registry.npmjs.org/framer-motion attempt 1 failed with ENOTFOUND
25 http fetch GET https://registry.npmjs.org/framer-motion attempt 2 failed with ENOTFOUND
26 http fetch GET https://registry.npmjs.org/framer-motion attempt 3 failed with ENOTFOUND
27 silly fetch manifest lucide-react@^0.395.0
28 silly packumentCache full:https://registry.npmjs.org/lucide-react cache-miss
29 http fetch GET https://registry.npmjs.org/lucide-react attempt 1 failed with ENOTFOUND
30 http fetch GET https://registry.npmjs.org/lucide-react attempt 2 failed with ENOTFOUND
31 http fetch GET https://registry.npmjs.org/lucide-react attempt 3 failed with ENOTFOUND
32 silly fetch manifest react@^18.3.1
33 silly packumentCache full:https://registry.npmjs.org/react cache-miss
34 http fetch GET https://registry.npmjs.org/react attempt 1 failed with ENOTFOUND
35 http fetch GET https://registry.npmjs.org/react attempt 2 failed with ENOTFOUND
36 http fetch GET https://registry.npmjs.org/react attempt 3 failed with ENOTFOUND
37 silly fetch manifest react-dom@^18.3.1
38 silly packumentCache full:https://registry.npmjs.org/react-dom cache-miss
39 http fetch GET https://registry.npmjs.org/react-dom attempt 1 failed with ENOTFOUND
40 http fetch GET https://registry.npmjs.org/react-dom attempt 2 failed with ENOTFOUND
41 http fetch GET https://registry.npmjs.org/react-dom attempt 3 failed with ENOTFOUND
42 silly fetch manifest react-router-dom@^6.23.1
43 silly packumentCache full:https://registry.npmjs.org/react-router-dom cache-miss
44 http fetch GET https://registry.npmjs.org/react-router-dom attempt 1 failed with ENOTFOUND
45 http fetch GET https://registry.npmjs.org/react-router-dom attempt 2 failed with ENOTFOUND
46 http fetch GET https://registry.npmjs.org/react-router-dom attempt 3 failed with ENOTFOUND
47 silly fetch manifest tailwind-merge@^2.3.0
48 silly packumentCache full:https://registry.npmjs.org/tailwind-merge cache-miss
49 http fetch GET https://registry.npmjs.org/tailwind-merge attempt 1 failed with ENOTFOUND
50 http fetch GET https://registry.npmjs.org/tailwind-merge attempt 2 failed with ENOTFOUND
51 http fetch GET https://registry.npmjs.org/tailwind-merge attempt 3 failed with ENOTFOUND
52 silly fetch manifest @types/react@^18.3.3
53 silly packumentCache full:https://registry.npmjs.org/@types%2freact cache-miss
54 http fetch GET https://registry.npmjs.org/@types%2freact attempt 1 failed with ENOTFOUND
55 http fetch GET https://registry.npmjs.org/@types%2freact attempt 2 failed with ENOTFOUND
56 http fetch GET https://registry.npmjs.org/@types%2freact attempt 3 failed with ENOTFOUND
57 silly fetch manifest @types/react-dom@^18.3.0
58 silly packumentCache full:https://registry.npmjs.org/@types%2freact-dom cache-miss
59 http fetch GET https://registry.npmjs.org/@types%2freact-dom attempt 1 failed with ENOTFOUND
60 http fetch GET https://registry.npmjs.org/@types%2freact-dom attempt 2 failed with ENOTFOUND
61 http fetch GET https://registry.npmjs.org/@types%2freact-dom attempt 3 failed with ENOTFOUND
62 silly fetch manifest @vitejs/plugin-react@^4.3.1
63 silly packumentCache full:https://registry.npmjs.org/@vitejs%2fplugin-react cache-miss
64 http fetch GET https://registry.npmjs.org/@vitejs%2fplugin-react attempt 1 failed with ENOTFOUND
65 http fetch GET https://registry.npmjs.org/@vitejs%2fplugin-react attempt 2 failed with ENOTFOUND
66 http fetch GET https://registry.npmjs.org/@vitejs%2fplugin-react attempt 3 failed with ENOTFOUND
67 silly fetch manifest autoprefixer@^10.4.19
68 silly packumentCache full:https://registry.npmjs.org/autoprefixer cache-miss
69 http fetch GET https://registry.npmjs.org/autoprefixer attempt 1 failed with ENOTFOUND
70 http fetch GET https://registry.npmjs.org/autoprefixer attempt 2 failed with ENOTFOUND
71 http fetch GET https://registry.npmjs.org/autoprefixer attempt 3 failed with ENOTFOUND
72 silly fetch manifest postcss@^8.4.38
73 silly packumentCache full:https://registry.npmjs.org/postcss cache-miss
74 http fetch GET https://registry.npmjs.org/postcss attempt 1 failed with ENOTFOUND
75 http fetch GET https://registry.npmjs.org/postcss attempt 2 failed with ENOTFOUND
76 http fetch GET https://registry.npmjs.org/postcss attempt 3 failed with ENOTFOUND
77 silly fetch manifest tailwindcss@^3.4.4
78 silly packumentCache full:https://registry.npmjs.org/tailwindcss cache-miss
79 http fetch GET https://registry.npmjs.org/tailwindcss attempt 1 failed with ENOTFOUND
80 http fetch GET https://registry.npmjs.org/tailwindcss attempt 2 failed with ENOTFOUND
81 http fetch GET https://registry.npmjs.org/tailwindcss attempt 3 failed with ENOTFOUND
82 silly fetch manifest typescript@^5.2.2
83 silly packumentCache full:https://registry.npmjs.org/typescript cache-miss
84 http fetch GET https://registry.npmjs.org/typescript attempt 1 failed with ENOTFOUND
85 http fetch GET https://registry.npmjs.org/typescript attempt 2 failed with ENOTFOUND
86 http fetch GET https://registry.npmjs.org/typescript attempt 3 failed with ENOTFOUND
87 silly fetch manifest vite@^5.3.1
88 silly packumentCache full:https://registry.npmjs.org/vite cache-miss
89 http fetch GET https://registry.npmjs.org/vite attempt 1 failed with ENOTFOUND
90 http fetch GET https://registry.npmjs.org/vite attempt 2 failed with ENOTFOUND
91 http fetch GET https://registry.npmjs.org/vite attempt 3 failed with ENOTFOUND
92 silly placeDep ROOT @types/react@ OK for: triplens-frontend@1.0.0 want: ^18.3.3
93 silly placeDep ROOT @types/react-dom@ OK for: triplens-frontend@1.0.0 want: ^18.3.0
94 silly placeDep ROOT @vitejs/plugin-react@ OK for: triplens-frontend@1.0.0 want: ^4.3.1
95 silly placeDep ROOT autoprefixer@ OK for: triplens-frontend@1.0.0 want: ^10.4.19
96 silly placeDep ROOT clsx@ OK for: triplens-frontend@1.0.0 want: ^2.1.1
97 silly placeDep ROOT framer-motion@ OK for: triplens-frontend@1.0.0 want: ^11.2.10
98 silly placeDep ROOT lucide-react@ OK for: triplens-frontend@1.0.0 want: ^0.395.0
99 silly placeDep ROOT postcss@ OK for: triplens-frontend@1.0.0 want: ^8.4.38
100 silly placeDep ROOT react@ OK for: triplens-frontend@1.0.0 want: ^18.3.1
101 silly placeDep ROOT react-dom@ OK for: triplens-frontend@1.0.0 want: ^18.3.1
102 silly placeDep ROOT react-router-dom@ OK for: triplens-frontend@1.0.0 want: ^6.23.1
103 silly placeDep ROOT tailwind-merge@ OK for: triplens-frontend@1.0.0 want: ^2.3.0
104 silly placeDep ROOT tailwindcss@ OK for: triplens-frontend@1.0.0 want: ^3.4.4
105 silly placeDep ROOT typescript@ OK for: triplens-frontend@1.0.0 want: ^5.2.2
106 silly placeDep ROOT vite@ OK for: triplens-frontend@1.0.0 want: ^5.3.1
107 verbose type system
108 verbose stack FetchError: request to https://registry.npmjs.org/@types%2freact failed, reason: getaddrinfo ENOTFOUND registry.npmjs.org
108 verbose stack     at ClientRequest.<anonymous> (/opt/homebrew/lib/node_modules/npm/node_modules/minipass-fetch/lib/index.js:130:14)
108 verbose stack     at ClientRequest.emit (node:events:508:20)
108 verbose stack     at emitErrorEvent (node:_http_client:109:11)
108 verbose stack     at _destroy (node:_http_client:993:9)
108 verbose stack     at onSocketNT (node:_http_client:1013:5)
108 verbose stack     at process.processTicksAndRejections (node:internal/process/task_queues:91:21)
109 error code ENOTFOUND
110 error syscall getaddrinfo
111 error errno ENOTFOUND
112 error network request to https://registry.npmjs.org/@types%2freact failed, reason: getaddrinfo ENOTFOUND registry.npmjs.org
113 error network This is a problem related to network connectivity.
113 error network In most cases you are behind a proxy or have bad network settings.
113 error network
113 error network If you are behind a proxy, please make sure that the
113 error network 'proxy' config is set properly.  See: 'npm help config'
114 silly unfinished npm timer reify 1777992386892
115 silly unfinished npm timer reify:loadTrees 1777992386893
116 verbose cwd /Users/dakshbathla/TripLens/frontend
117 verbose os Darwin 25.4.0
118 verbose node v25.8.0
119 verbose npm  v11.11.0
120 verbose exit 1
121 verbose code 1
122 error A complete log of this run can be found in: /Users/dakshbathla/TripLens/.npm-cache/_logs/2026-05-05T14_46_26_729Z-debug-0.log
