0 verbose cli /opt/homebrew/Cellar/node/25.8.0/bin/node /opt/homebrew/bin/npm
1 info using npm@11.11.0
2 info using node@v25.8.0
3 silly config load:file:/opt/homebrew/lib/node_modules/npm/npmrc
4 silly config load:file:/Users/dakshbathla/TripLens/frontend/.npmrc
5 silly config load:file:/Users/dakshbathla/.npmrc
6 silly config load:file:/opt/homebrew/etc/npmrc
7 verbose title npm install
8 verbose argv "install" "--no-audit" "--no-fund" "--loglevel" "info"
9 verbose logfile logs-max:10 dir:/Users/dakshbathla/TripLens/.npm-cache/_logs/2026-05-05T14_47_22_408Z-
10 verbose logfile /Users/dakshbathla/TripLens/.npm-cache/_logs/2026-05-05T14_47_22_408Z-debug-0.log
11 silly logfile done cleaning log files
12 silly packumentCache heap:4496293888 maxSize:1124073472 maxEntrySize:562036736
13 silly idealTree buildDeps
14 silly fetch manifest clsx@^2.1.1
15 silly packumentCache full:https://registry.npmjs.org/clsx cache-miss
16 http fetch GET https://registry.npmjs.org/clsx attempt 1 failed with ENOTFOUND
17 http fetch GET https://registry.npmjs.org/clsx attempt 2 failed with ENOTFOUND
18 http fetch GET https://registry.npmjs.org/clsx attempt 3 failed with ENOTFOUND
19 silly fetch manifest framer-motion@^11.2.10
20 silly packumentCache full:https://registry.npmjs.org/framer-motion cache-miss
21 http fetch GET https://registry.npmjs.org/framer-motion attempt 1 failed with ENOTFOUND
22 http fetch GET https://registry.npmjs.org/framer-motion attempt 2 failed with ENOTFOUND
